# JRE version: OpenJDK Runtime Environment (11.0.11+9) (build 11.0.11+9-b60-7590822)
# Java VM: OpenJDK 64-Bit Server VM (11.0.11+9-b60-7590822, mixed mode, tiered, compressed oops, g1 gc, windows-amd64)
Heap:
 garbage-first heap   total 98304K, used 56212K [0x0000000080000000, 0x0000000100000000)
  region size 1024K, 42 young (43008K), 5 survivors (5120K)
 Metaspace       used 27987K, capacity 28665K, committed 28800K, reserved 1075200K
  class space    used 3701K, capacity 3908K, committed 3968K, reserved 1048576K
GC Heap History (12 events):
Event: 3.350 GC heap before
{Heap before GC invocations=0 (full 0):
 garbage-first heap   total 98304K, used 29696K [0x0000000080000000, 0x0000000100000000)
  region size 1024K, 24 young (24576K), 0 survivors (0K)
 Metaspace       used 9687K, capacity 9952K, committed 10112K, reserved 1058816K
  class space    used 968K, capacity 1041K, committed 1152K, reserved 1048576K
}
Event: 3.369 GC heap after
{Heap after GC invocations=1 (full 0):
 garbage-first heap   total 98304K, used 9503K [0x0000000080000000, 0x0000000100000000)
  region size 1024K, 3 young (3072K), 3 survivors (3072K)
 Metaspace       used 9687K, capacity 9952K, committed 10112K, reserved 1058816K
  class space    used 968K, capacity 1041K, committed 1152K, reserved 1048576K
}
Event: 4.697 GC heap before
{Heap before GC invocations=1 (full 0):
 garbage-first heap   total 98304K, used 32031K [0x0000000080000000, 0x0000000100000000)
  region size 1024K, 25 young (25600K), 3 survivors (3072K)
 Metaspace       used 11252K, capacity 11520K, committed 11776K, reserved 1060864K
  class space    used 1178K, capacity 1244K, committed 1280K, reserved 1048576K
}
Event: 4.705 GC heap after
{Heap after GC invocations=2 (full 0):
 garbage-first heap   total 98304K, used 10520K [0x0000000080000000, 0x0000000100000000)
  region size 1024K, 1 young (1024K), 1 survivors (1024K)
 Metaspace       used 11252K, capacity 11520K, committed 11776K, reserved 1060864K
  class space    used 1178K, capacity 1244K, committed 1280K, reserved 1048576K
}
Event: 5.853 GC heap before
{Heap before GC invocations=2 (full 0):
 garbage-first heap   total 98304K, used 51480K [0x0000000080000000, 0x0000000100000000)
  region size 1024K, 40 young (40960K), 1 survivors (1024K)
 Metaspace       used 11718K, capacity 12056K, committed 12160K, reserved 1060864K
  class space    used 1268K, capacity 1380K, committed 1408K, reserved 1048576K
}
Event: 5.863 GC heap after
{Heap after GC invocations=3 (full 0):
 garbage-first heap   total 98304K, used 15259K [0x0000000080000000, 0x0000000100000000)
  region size 1024K, 5 young (5120K), 5 survivors (5120K)
 Metaspace       used 11718K, capacity 12056K, committed 12160K, reserved 1060864K
  class space    used 1268K, capacity 1380K, committed 1408K, reserved 1048576K
}
Event: 11.539 GC heap before
{Heap before GC invocations=3 (full 0):
 garbage-first heap   total 98304K, used 59291K [0x0000000080000000, 0x0000000100000000)
  region size 1024K, 48 young (49152K), 5 survivors (5120K)
 Metaspace       used 19473K, capacity 20014K, committed 20224K, reserved 1067008K
  class space    used 2373K, capacity 2548K, committed 2560K, reserved 1048576K
}
Event: 11.588 GC heap after
{Heap after GC invocations=4 (full 0):
 garbage-first heap   total 98304K, used 17660K [0x0000000080000000, 0x0000000100000000)
  region size 1024K, 3 young (3072K), 3 survivors (3072K)
 Metaspace       used 19473K, capacity 20014K, committed 20224K, reserved 1067008K
  class space    used 2373K, capacity 2548K, committed 2560K, reserved 1048576K
}
Event: 12.209 GC heap before
{Heap before GC invocations=4 (full 0):
 garbage-first heap   total 98304K, used 27900K [0x0000000080000000, 0x0000000100000000)
  region size 1024K, 14 young (14336K), 3 survivors (3072K)
 Metaspace       used 20734K, capacity 21180K, committed 21296K, reserved 1069056K
  class space    used 2537K, capacity 2660K, committed 2688K, reserved 1048576K
}
Event: 12.217 GC heap after
{Heap after GC invocations=5 (full 0):
 garbage-first heap   total 98304K, used 18070K [0x0000000080000000, 0x0000000100000000)
  region size 1024K, 3 young (3072K), 3 survivors (3072K)
 Metaspace       used 20734K, capacity 21180K, committed 21296K, reserved 1069056K
  class space    used 2537K, capacity 2660K, committed 2688K, reserved 1048576K
}
Event: 14.295 GC heap before
{Heap before GC invocations=6 (full 0):
 garbage-first heap   total 98304K, used 61078K [0x0000000080000000, 0x0000000100000000)
  region size 1024K, 45 young (46080K), 3 survivors (3072K)
 Metaspace       used 24717K, capacity 25364K, committed 25472K, reserved 1071104K
  class space    used 3180K, capacity 3400K, committed 3456K, reserved 1048576K
}
Event: 14.302 GC heap after
{Heap after GC invocations=7 (full 0):
 garbage-first heap   total 98304K, used 19348K [0x0000000080000000, 0x0000000100000000)
  region size 1024K, 5 young (5120K), 5 survivors (5120K)
 Metaspace       used 24717K, capacity 25364K, committed 25472K, reserved 1071104K
  class space    used 3180K, capacity 3400K, committed 3456K, reserved 1048576K
}

